Instance name, X location, Y location, Voltage
PHY_EDGE_ROW_8_Right_8, 42.63, 32.64, 1.81816e-11
PHY_EDGE_ROW_9_Right_9, 42.63, 32.64, 1.81816e-11
PHY_EDGE_ROW_6_Right_6, 42.63, 27.2, 2.28703e-06
PHY_EDGE_ROW_7_Right_7, 42.63, 27.2, 2.28703e-06
output5, 42.63, 27.2, 2.28703e-06
PHY_EDGE_ROW_4_Right_4, 42.63, 21.76, 2.09374e-06
PHY_EDGE_ROW_5_Right_5, 42.63, 21.76, 2.09374e-06
FILLER_0_4_78, 42.63, 21.76, 2.09374e-06
PHY_EDGE_ROW_2_Right_2, 42.63, 16.32, 6.62306e-08
PHY_EDGE_ROW_3_Right_3, 42.63, 16.32, 6.62306e-08
PHY_EDGE_ROW_0_Right_0, 42.63, 10.88, 6.59964e-08
PHY_EDGE_ROW_1_Right_1, 42.63, 10.88, 6.59964e-08
_5_, 23.31, 27.2, 1.05949e-06
_7_, 23.31, 27.2, 1.05949e-06
FILLER_0_6_18, 13.65, 27.2, 9.08863e-07
FILLER_0_4_18, 13.65, 21.76, 1.60849e-06
PHY_EDGE_ROW_9_Left_19, 5.52, 38.08, 1.26303e-11
PHY_EDGE_ROW_7_Left_17, 5.52, 32.64, 2.68955e-11
PHY_EDGE_ROW_8_Left_18, 5.52, 32.64, 2.68955e-11
FILLER_0_8_77, 40.02, 32.64, 1.83149e-11
FILLER_0_9_53, 32.66, 32.64, 1.28588e-11
PHY_EDGE_ROW_5_Left_15, 5.52, 27.2, 1.52075e-06
PHY_EDGE_ROW_6_Left_16, 5.52, 27.2, 1.52075e-06
input2, 5.52, 27.2, 1.52075e-06
FILLER_0_6_29, 16.56, 27.2, 9.54239e-07
FILLER_0_6_66, 34.5, 27.2, 1.31192e-06
FILLER_0_7_51, 27.6, 27.2, 1.0901e-06
PHY_EDGE_ROW_3_Left_13, 5.52, 21.76, 2.69773e-06
PHY_EDGE_ROW_4_Left_14, 5.52, 21.76, 2.69773e-06
input1, 5.52, 21.76, 2.69773e-06
input3, 5.52, 21.76, 2.69773e-06
_4_, 20.7, 21.76, 1.75057e-06
FILLER_0_4_29, 20.7, 21.76, 1.75057e-06
FILLER_0_5_30, 20.7, 21.76, 1.75057e-06
_6_, 26.22, 21.76, 1.72944e-06
output4, 40.02, 21.76, 2.61575e-06
_3_, 27.6, 21.76, 1.73355e-06
FILLER_0_3_51, 27.6, 21.76, 1.73355e-06
FILLER_0_5_50, 27.6, 21.76, 1.73355e-06
FILLER_0_5_69, 38.64, 21.76, 2.42415e-06
PHY_EDGE_ROW_1_Left_11, 5.52, 16.32, 5.25152e-08
PHY_EDGE_ROW_2_Left_12, 5.52, 16.32, 5.25152e-08
FILLER_0_2_77, 40.02, 16.32, 6.38964e-08
PHY_EDGE_ROW_0_Left_10, 5.52, 10.88, 5.26041e-08
FILLER_0_0_53, 27.14, 10.88, 5.57026e-08
FILLER_0_1_51, 27.14, 10.88, 5.57026e-08

