Instance name, X location, Y location, Voltage
output4, 39.33, 24.48, 1.8
FILLER_0_9_53, 29.67, 35.36, 1.8
FILLER_0_7_51, 29.67, 29.92, 1.8
FILLER_0_3_51, 29.67, 19.04, 1.8
FILLER_0_0_53, 29.67, 13.6, 1.8
FILLER_0_1_51, 29.67, 13.6, 1.8
FILLER_0_6_29, 20.01, 29.92, 1.8
_7_, 20.01, 24.48, 1.8
FILLER_0_4_29, 20.01, 24.48, 1.8
FILLER_0_5_30, 20.01, 24.48, 1.8
PHY_EDGE_ROW_8_Left_18, 5.52, 35.36, 1.8
PHY_EDGE_ROW_9_Left_19, 5.52, 35.36, 1.8
PHY_EDGE_ROW_8_Right_8, 44.16, 35.36, 1.8
PHY_EDGE_ROW_9_Right_9, 44.16, 35.36, 1.8
PHY_EDGE_ROW_6_Left_16, 5.52, 29.92, 1.8
PHY_EDGE_ROW_7_Left_17, 5.52, 29.92, 1.8
PHY_EDGE_ROW_6_Right_6, 44.16, 29.92, 1.8
PHY_EDGE_ROW_7_Right_7, 44.16, 29.92, 1.8
FILLER_0_6_18, 15.18, 29.92, 1.8
_5_, 26.22, 29.92, 1.8
output5, 40.02, 29.92, 1.8
FILLER_0_8_77, 40.02, 29.92, 1.8
PHY_EDGE_ROW_4_Left_14, 5.52, 24.48, 1.8
PHY_EDGE_ROW_5_Left_15, 5.52, 24.48, 1.8
input2, 5.52, 24.48, 1.8
input3, 5.52, 24.48, 1.8
PHY_EDGE_ROW_4_Right_4, 44.16, 24.48, 1.8
PHY_EDGE_ROW_5_Right_5, 44.16, 24.48, 1.8
_3_, 27.6, 24.48, 1.8
_6_, 27.6, 24.48, 1.8
FILLER_0_5_50, 27.6, 24.48, 1.8
FILLER_0_5_69, 38.64, 24.48, 1.8
FILLER_0_6_66, 34.5, 24.48, 1.8
PHY_EDGE_ROW_2_Left_12, 5.52, 19.04, 1.8
PHY_EDGE_ROW_3_Left_13, 5.52, 19.04, 1.8
input1, 5.52, 19.04, 1.8
PHY_EDGE_ROW_2_Right_2, 44.16, 19.04, 1.8
PHY_EDGE_ROW_3_Right_3, 44.16, 19.04, 1.8
FILLER_0_4_18, 15.18, 19.04, 1.8
_4_, 21.62, 19.04, 1.8
FILLER_0_4_78, 40.02, 19.04, 1.8
PHY_EDGE_ROW_0_Left_10, 5.52, 13.6, 1.8
PHY_EDGE_ROW_1_Left_11, 5.52, 13.6, 1.8
PHY_EDGE_ROW_0_Right_0, 44.16, 13.6, 1.8
PHY_EDGE_ROW_1_Right_1, 44.16, 13.6, 1.8
FILLER_0_2_77, 40.02, 13.6, 1.8

