
===========================================================================
report_checks -path_delay max (Setup)
============================================================================
======================= Fastest Corner ===================================

Startpoint: carry_in (input port clocked by __VIRTUAL_CLK__)
Endpoint: c (output port clocked by __VIRTUAL_CLK__)
Path Group: __VIRTUAL_CLK__
Path Type: max
Corner: Fastest

Fanout     Cap    Slew   Delay    Time   Description
-----------------------------------------------------------------------------
                  0.00    0.00    0.00   clock __VIRTUAL_CLK__ (rise edge)
                          0.00    0.00   clock network delay (ideal)
                          2.00    2.00 v input external delay
     1    0.00    0.00    0.00    2.00 v carry_in (in)
                                         carry_in (net)
                  0.00    0.00    2.00 v input3/A (sky130_fd_sc_hd__buf_1)
     2    0.01    0.04    0.07    2.07 v input3/X (sky130_fd_sc_hd__buf_1)
                                         net3 (net)
                  0.04    0.00    2.07 v _4_/A (sky130_fd_sc_hd__xnor2_1)
     2    0.01    0.15    0.17    2.24 ^ _4_/Y (sky130_fd_sc_hd__xnor2_1)
                                         _1_ (net)
                  0.15    0.00    2.24 ^ _7_/B (sky130_fd_sc_hd__xnor2_1)
     1    0.00    0.10    0.09    2.33 ^ _7_/Y (sky130_fd_sc_hd__xnor2_1)
                                         net4 (net)
                  0.10    0.00    2.33 ^ output4/A (sky130_fd_sc_hd__buf_2)
     1    0.03    0.13    0.16    2.49 ^ output4/X (sky130_fd_sc_hd__buf_2)
                                         c (net)
                  0.13    0.00    2.49 ^ c (out)
                                  2.49   data arrival time

                  0.00   10.00   10.00   clock __VIRTUAL_CLK__ (rise edge)
                          0.00   10.00   clock network delay (ideal)
                         -0.25    9.75   clock uncertainty
                          0.00    9.75   clock reconvergence pessimism
                         -2.00    7.75   output external delay
                                  7.75   data required time
-----------------------------------------------------------------------------
                                  7.75   data required time
                                 -2.49   data arrival time
-----------------------------------------------------------------------------
                                  5.26   slack (MET)


Startpoint: carry_in (input port clocked by __VIRTUAL_CLK__)
Endpoint: carry_out (output port clocked by __VIRTUAL_CLK__)
Path Group: __VIRTUAL_CLK__
Path Type: max
Corner: Fastest

Fanout     Cap    Slew   Delay    Time   Description
-----------------------------------------------------------------------------
                  0.00    0.00    0.00   clock __VIRTUAL_CLK__ (rise edge)
                          0.00    0.00   clock network delay (ideal)
                          2.00    2.00 v input external delay
     1    0.00    0.00    0.00    2.00 v carry_in (in)
                                         carry_in (net)
                  0.00    0.00    2.00 v input3/A (sky130_fd_sc_hd__buf_1)
     2    0.01    0.04    0.07    2.07 v input3/X (sky130_fd_sc_hd__buf_1)
                                         net3 (net)
                  0.04    0.00    2.07 v _4_/A (sky130_fd_sc_hd__xnor2_1)
     2    0.01    0.05    0.10    2.18 v _4_/Y (sky130_fd_sc_hd__xnor2_1)
                                         _1_ (net)
                  0.05    0.00    2.18 v _6_/A2 (sky130_fd_sc_hd__o21ai_1)
     1    0.00    0.09    0.11    2.28 ^ _6_/Y (sky130_fd_sc_hd__o21ai_1)
                                         net5 (net)
                  0.09    0.00    2.28 ^ output5/A (sky130_fd_sc_hd__clkbuf_4)
     1    0.03    0.08    0.15    2.43 ^ output5/X (sky130_fd_sc_hd__clkbuf_4)
                                         carry_out (net)
                  0.08    0.00    2.43 ^ carry_out (out)
                                  2.43   data arrival time

                  0.00   10.00   10.00   clock __VIRTUAL_CLK__ (rise edge)
                          0.00   10.00   clock network delay (ideal)
                         -0.25    9.75   clock uncertainty
                          0.00    9.75   clock reconvergence pessimism
                         -2.00    7.75   output external delay
                                  7.75   data required time
-----------------------------------------------------------------------------
                                  7.75   data required time
                                 -2.43   data arrival time
-----------------------------------------------------------------------------
                                  5.32   slack (MET)



worst slack corner Fastest: 5.2602
======================= Slowest Corner ===================================

Startpoint: carry_in (input port clocked by __VIRTUAL_CLK__)
Endpoint: c (output port clocked by __VIRTUAL_CLK__)
Path Group: __VIRTUAL_CLK__
Path Type: max
Corner: Slowest

Fanout     Cap    Slew   Delay    Time   Description
-----------------------------------------------------------------------------
                  0.00    0.00    0.00   clock __VIRTUAL_CLK__ (rise edge)
                          0.00    0.00   clock network delay (ideal)
                          2.00    2.00 v input external delay
     1    0.00    0.02    0.01    2.01 v carry_in (in)
                                         carry_in (net)
                  0.02    0.00    2.01 v input3/A (sky130_fd_sc_hd__buf_1)
     2    0.01    0.12    0.21    2.22 v input3/X (sky130_fd_sc_hd__buf_1)
                                         net3 (net)
                  0.12    0.00    2.22 v _4_/A (sky130_fd_sc_hd__xnor2_1)
     2    0.01    0.36    0.41    2.63 ^ _4_/Y (sky130_fd_sc_hd__xnor2_1)
                                         _1_ (net)
                  0.36    0.00    2.63 ^ _7_/B (sky130_fd_sc_hd__xnor2_1)
     1    0.00    0.23    0.33    2.95 ^ _7_/Y (sky130_fd_sc_hd__xnor2_1)
                                         net4 (net)
                  0.23    0.00    2.95 ^ output4/A (sky130_fd_sc_hd__buf_2)
     1    0.03    0.27    0.44    3.39 ^ output4/X (sky130_fd_sc_hd__buf_2)
                                         c (net)
                  0.27    0.00    3.39 ^ c (out)
                                  3.39   data arrival time

                  0.00   10.00   10.00   clock __VIRTUAL_CLK__ (rise edge)
                          0.00   10.00   clock network delay (ideal)
                         -0.25    9.75   clock uncertainty
                          0.00    9.75   clock reconvergence pessimism
                         -2.00    7.75   output external delay
                                  7.75   data required time
-----------------------------------------------------------------------------
                                  7.75   data required time
                                 -3.39   data arrival time
-----------------------------------------------------------------------------
                                  4.36   slack (MET)


Startpoint: carry_in (input port clocked by __VIRTUAL_CLK__)
Endpoint: carry_out (output port clocked by __VIRTUAL_CLK__)
Path Group: __VIRTUAL_CLK__
Path Type: max
Corner: Slowest

Fanout     Cap    Slew   Delay    Time   Description
-----------------------------------------------------------------------------
                  0.00    0.00    0.00   clock __VIRTUAL_CLK__ (rise edge)
                          0.00    0.00   clock network delay (ideal)
                          2.00    2.00 v input external delay
     1    0.00    0.02    0.01    2.01 v carry_in (in)
                                         carry_in (net)
                  0.02    0.00    2.01 v input3/A (sky130_fd_sc_hd__buf_1)
     2    0.01    0.12    0.21    2.22 v input3/X (sky130_fd_sc_hd__buf_1)
                                         net3 (net)
                  0.12    0.00    2.22 v _4_/A (sky130_fd_sc_hd__xnor2_1)
     2    0.01    0.36    0.41    2.63 ^ _4_/Y (sky130_fd_sc_hd__xnor2_1)
                                         _1_ (net)
                  0.36    0.00    2.63 ^ _6_/A2 (sky130_fd_sc_hd__o21ai_1)
     1    0.00    0.11    0.24    2.87 v _6_/Y (sky130_fd_sc_hd__o21ai_1)
                                         net5 (net)
                  0.11    0.00    2.87 v output5/A (sky130_fd_sc_hd__clkbuf_4)
     1    0.03    0.14    0.36    3.23 v output5/X (sky130_fd_sc_hd__clkbuf_4)
                                         carry_out (net)
                  0.14    0.00    3.23 v carry_out (out)
                                  3.23   data arrival time

                  0.00   10.00   10.00   clock __VIRTUAL_CLK__ (rise edge)
                          0.00   10.00   clock network delay (ideal)
                         -0.25    9.75   clock uncertainty
                          0.00    9.75   clock reconvergence pessimism
                         -2.00    7.75   output external delay
                                  7.75   data required time
-----------------------------------------------------------------------------
                                  7.75   data required time
                                 -3.23   data arrival time
-----------------------------------------------------------------------------
                                  4.52   slack (MET)



worst slack corner Slowest: 4.3605
======================= Typical Corner ===================================

Startpoint: carry_in (input port clocked by __VIRTUAL_CLK__)
Endpoint: c (output port clocked by __VIRTUAL_CLK__)
Path Group: __VIRTUAL_CLK__
Path Type: max
Corner: Typical

Fanout     Cap    Slew   Delay    Time   Description
-----------------------------------------------------------------------------
                  0.00    0.00    0.00   clock __VIRTUAL_CLK__ (rise edge)
                          0.00    0.00   clock network delay (ideal)
                          2.00    2.00 v input external delay
     1    0.00    0.01    0.00    2.00 v carry_in (in)
                                         carry_in (net)
                  0.01    0.00    2.00 v input3/A (sky130_fd_sc_hd__buf_1)
     2    0.01    0.06    0.11    2.11 v input3/X (sky130_fd_sc_hd__buf_1)
                                         net3 (net)
                  0.06    0.00    2.11 v _4_/A (sky130_fd_sc_hd__xnor2_1)
     2    0.01    0.23    0.24    2.36 ^ _4_/Y (sky130_fd_sc_hd__xnor2_1)
                                         _1_ (net)
                  0.23    0.00    2.36 ^ _7_/B (sky130_fd_sc_hd__xnor2_1)
     1    0.00    0.14    0.16    2.52 ^ _7_/Y (sky130_fd_sc_hd__xnor2_1)
                                         net4 (net)
                  0.14    0.00    2.52 ^ output4/A (sky130_fd_sc_hd__buf_2)
     1    0.03    0.17    0.24    2.76 ^ output4/X (sky130_fd_sc_hd__buf_2)
                                         c (net)
                  0.17    0.00    2.76 ^ c (out)
                                  2.76   data arrival time

                  0.00   10.00   10.00   clock __VIRTUAL_CLK__ (rise edge)
                          0.00   10.00   clock network delay (ideal)
                         -0.25    9.75   clock uncertainty
                          0.00    9.75   clock reconvergence pessimism
                         -2.00    7.75   output external delay
                                  7.75   data required time
-----------------------------------------------------------------------------
                                  7.75   data required time
                                 -2.76   data arrival time
-----------------------------------------------------------------------------
                                  4.99   slack (MET)


Startpoint: carry_in (input port clocked by __VIRTUAL_CLK__)
Endpoint: carry_out (output port clocked by __VIRTUAL_CLK__)
Path Group: __VIRTUAL_CLK__
Path Type: max
Corner: Typical

Fanout     Cap    Slew   Delay    Time   Description
-----------------------------------------------------------------------------
                  0.00    0.00    0.00   clock __VIRTUAL_CLK__ (rise edge)
                          0.00    0.00   clock network delay (ideal)
                          2.00    2.00 v input external delay
     1    0.00    0.01    0.00    2.00 v carry_in (in)
                                         carry_in (net)
                  0.01    0.00    2.00 v input3/A (sky130_fd_sc_hd__buf_1)
     2    0.01    0.06    0.11    2.11 v input3/X (sky130_fd_sc_hd__buf_1)
                                         net3 (net)
                  0.06    0.00    2.11 v _4_/A (sky130_fd_sc_hd__xnor2_1)
     2    0.01    0.23    0.24    2.36 ^ _4_/Y (sky130_fd_sc_hd__xnor2_1)
                                         _1_ (net)
                  0.23    0.00    2.36 ^ _6_/A2 (sky130_fd_sc_hd__o21ai_1)
     1    0.00    0.06    0.10    2.46 v _6_/Y (sky130_fd_sc_hd__o21ai_1)
                                         net5 (net)
                  0.06    0.00    2.46 v output5/A (sky130_fd_sc_hd__clkbuf_4)
     1    0.03    0.08    0.20    2.66 v output5/X (sky130_fd_sc_hd__clkbuf_4)
                                         carry_out (net)
                  0.08    0.00    2.66 v carry_out (out)
                                  2.66   data arrival time

                  0.00   10.00   10.00   clock __VIRTUAL_CLK__ (rise edge)
                          0.00   10.00   clock network delay (ideal)
                         -0.25    9.75   clock uncertainty
                          0.00    9.75   clock reconvergence pessimism
                         -2.00    7.75   output external delay
                                  7.75   data required time
-----------------------------------------------------------------------------
                                  7.75   data required time
                                 -2.66   data arrival time
-----------------------------------------------------------------------------
                                  5.09   slack (MET)



worst slack corner Typical: 4.9899
