
===========================================================================
report_checks -path_delay min (Hold)
============================================================================
======================= Typical Corner ===================================

Startpoint: a (input port clocked by __VIRTUAL_CLK__)
Endpoint: c (output port clocked by __VIRTUAL_CLK__)
Path Group: __VIRTUAL_CLK__
Path Type: min

Fanout     Cap    Slew   Delay    Time   Description
-----------------------------------------------------------------------------
                  0.00    0.00    0.00   clock __VIRTUAL_CLK__ (rise edge)
                          0.00    0.00   clock network delay (ideal)
                          2.00    2.00 v input external delay
     1    0.00    0.01    0.00    2.00 v a (in)
                                         a (net)
                  0.01    0.00    2.00 v input1/A (sky130_fd_sc_hd__buf_1)
     2    0.01    0.05    0.09    2.09 v input1/X (sky130_fd_sc_hd__buf_1)
                                         net1 (net)
                  0.05    0.00    2.09 v _5_/A (sky130_fd_sc_hd__nand2_1)
     1    0.00    0.03    0.05    2.14 ^ _5_/Y (sky130_fd_sc_hd__nand2_1)
                                         _2_ (net)
                  0.03    0.00    2.14 ^ _6_/B1 (sky130_fd_sc_hd__o21ai_1)
     1    0.00    0.03    0.04    2.18 v _6_/Y (sky130_fd_sc_hd__o21ai_1)
                                         net4 (net)
                  0.03    0.00    2.18 v output4/A (sky130_fd_sc_hd__clkbuf_4)
     1    0.03    0.08    0.17    2.35 v output4/X (sky130_fd_sc_hd__clkbuf_4)
                                         c (net)
                  0.08    0.00    2.35 v c (out)
                                  2.35   data arrival time

                  0.00    0.00    0.00   clock __VIRTUAL_CLK__ (rise edge)
                          0.00    0.00   clock network delay (ideal)
                          0.25    0.25   clock uncertainty
                          0.00    0.25   clock reconvergence pessimism
                         -2.00   -1.75   output external delay
                                 -1.75   data required time
-----------------------------------------------------------------------------
                                 -1.75   data required time
                                 -2.35   data arrival time
-----------------------------------------------------------------------------
                                  4.10   slack (MET)


Startpoint: b (input port clocked by __VIRTUAL_CLK__)
Endpoint: carry_out (output port clocked by __VIRTUAL_CLK__)
Path Group: __VIRTUAL_CLK__
Path Type: min

Fanout     Cap    Slew   Delay    Time   Description
-----------------------------------------------------------------------------
                  0.00    0.00    0.00   clock __VIRTUAL_CLK__ (rise edge)
                          0.00    0.00   clock network delay (ideal)
                          2.00    2.00 ^ input external delay
     1    0.00    0.02    0.01    2.01 ^ b (in)
                                         b (net)
                  0.02    0.00    2.01 ^ input2/A (sky130_fd_sc_hd__buf_1)
     2    0.01    0.12    0.12    2.12 ^ input2/X (sky130_fd_sc_hd__buf_1)
                                         net2 (net)
                  0.12    0.00    2.12 ^ _7_/A (sky130_fd_sc_hd__xnor2_1)
     1    0.00    0.03    0.07    2.20 v _7_/Y (sky130_fd_sc_hd__xnor2_1)
                                         net5 (net)
                  0.03    0.00    2.20 v output5/A (sky130_fd_sc_hd__buf_2)
     1    0.03    0.09    0.16    2.36 v output5/X (sky130_fd_sc_hd__buf_2)
                                         carry_out (net)
                  0.09    0.00    2.36 v carry_out (out)
                                  2.36   data arrival time

                  0.00    0.00    0.00   clock __VIRTUAL_CLK__ (rise edge)
                          0.00    0.00   clock network delay (ideal)
                          0.25    0.25   clock uncertainty
                          0.00    0.25   clock reconvergence pessimism
                         -2.00   -1.75   output external delay
                                 -1.75   data required time
-----------------------------------------------------------------------------
                                 -1.75   data required time
                                 -2.36   data arrival time
-----------------------------------------------------------------------------
                                  4.11   slack (MET)



worst slack corner Typical: 4.0961
