
===========================================================================
report_checks -unconstrained
===========================================================================
======================= Typical Corner ===================================

Startpoint: carry_in (input port clocked by __VIRTUAL_CLK__)
Endpoint: c (output port clocked by __VIRTUAL_CLK__)
Path Group: __VIRTUAL_CLK__
Path Type: max

Fanout     Cap    Slew   Delay    Time   Description
-----------------------------------------------------------------------------
                  0.00    0.00    0.00   clock __VIRTUAL_CLK__ (rise edge)
                          0.00    0.00   clock network delay (ideal)
                          2.00    2.00 v input external delay
     1    0.00    0.01    0.00    2.00 v carry_in (in)
                                         carry_in (net)
                  0.01    0.00    2.00 v input3/A (sky130_fd_sc_hd__buf_1)
     2    0.01    0.05    0.09    2.10 v input3/X (sky130_fd_sc_hd__buf_1)
                                         net3 (net)
                  0.05    0.00    2.10 v _4_/A (sky130_fd_sc_hd__xnor2_1)
     2    0.01    0.21    0.22    2.32 ^ _4_/Y (sky130_fd_sc_hd__xnor2_1)
                                         _1_ (net)
                  0.21    0.00    2.32 ^ _7_/B (sky130_fd_sc_hd__xnor2_1)
     1    0.00    0.10    0.14    2.46 ^ _7_/Y (sky130_fd_sc_hd__xnor2_1)
                                         net4 (net)
                  0.10    0.00    2.46 ^ output4/A (sky130_fd_sc_hd__buf_2)
     1    0.03    0.17    0.23    2.69 ^ output4/X (sky130_fd_sc_hd__buf_2)
                                         c (net)
                  0.17    0.00    2.69 ^ c (out)
                                  2.69   data arrival time

                  0.00   10.00   10.00   clock __VIRTUAL_CLK__ (rise edge)
                          0.00   10.00   clock network delay (ideal)
                         -0.25    9.75   clock uncertainty
                          0.00    9.75   clock reconvergence pessimism
                         -2.00    7.75   output external delay
                                  7.75   data required time
-----------------------------------------------------------------------------
                                  7.75   data required time
                                 -2.69   data arrival time
-----------------------------------------------------------------------------
                                  5.06   slack (MET)




===========================================================================
report_checks --slack_max -0.01
============================================================================
======================= Typical Corner ===================================

No paths found.


===========================================================================
 report_check_types -max_slew -max_cap -max_fanout -violators
============================================================================
======================= Typical Corner ===================================


max slew violations count Typical: 0
max fanout violations count Typical: 0
max cap violations count Typical: 0

===========================================================================
report_parasitic_annotation -report_unannotated
============================================================================
Found 13 unannotated drivers.
 a
 b
 carry_in
 _3_/Y
 _4_/Y
 _5_/Y
 _6_/Y
 _7_/Y
 input1/X
 input2/X
 input3/X
 output4/X
 output5/X
Found 0 partially unannotated drivers.

===========================================================================
max slew violation count 0
max fanout violation count 0
max cap violation count 0
============================================================================

===========================================================================
check_setup -verbose -unconstrained_endpoints -multiple_clock -no_clock -no_input_delay -loops -generated_clocks
===========================================================================
