
===========================================================================
report_checks -path_delay max (Setup)
============================================================================
======================= Typical Corner ===================================

Startpoint: carry_in (input port clocked by __VIRTUAL_CLK__)
Endpoint: c (output port clocked by __VIRTUAL_CLK__)
Path Group: __VIRTUAL_CLK__
Path Type: max

Fanout     Cap    Slew   Delay    Time   Description
-----------------------------------------------------------------------------
                  0.00    0.00    0.00   clock __VIRTUAL_CLK__ (rise edge)
                          0.00    0.00   clock network delay (ideal)
                          2.00    2.00 v input external delay
     1    0.00    0.01    0.00    2.00 v carry_in (in)
                                         carry_in (net)
                  0.01    0.00    2.00 v input3/A (sky130_fd_sc_hd__buf_1)
     2    0.01    0.05    0.09    2.10 v input3/X (sky130_fd_sc_hd__buf_1)
                                         net3 (net)
                  0.05    0.00    2.10 v _4_/A (sky130_fd_sc_hd__xnor2_1)
     2    0.01    0.21    0.22    2.32 ^ _4_/Y (sky130_fd_sc_hd__xnor2_1)
                                         _1_ (net)
                  0.21    0.00    2.32 ^ _7_/B (sky130_fd_sc_hd__xnor2_1)
     1    0.00    0.10    0.14    2.46 ^ _7_/Y (sky130_fd_sc_hd__xnor2_1)
                                         net4 (net)
                  0.10    0.00    2.46 ^ output4/A (sky130_fd_sc_hd__buf_2)
     1    0.03    0.17    0.23    2.69 ^ output4/X (sky130_fd_sc_hd__buf_2)
                                         c (net)
                  0.17    0.00    2.69 ^ c (out)
                                  2.69   data arrival time

                  0.00   10.00   10.00   clock __VIRTUAL_CLK__ (rise edge)
                          0.00   10.00   clock network delay (ideal)
                         -0.25    9.75   clock uncertainty
                          0.00    9.75   clock reconvergence pessimism
                         -2.00    7.75   output external delay
                                  7.75   data required time
-----------------------------------------------------------------------------
                                  7.75   data required time
                                 -2.69   data arrival time
-----------------------------------------------------------------------------
                                  5.06   slack (MET)


Startpoint: carry_in (input port clocked by __VIRTUAL_CLK__)
Endpoint: carry_out (output port clocked by __VIRTUAL_CLK__)
Path Group: __VIRTUAL_CLK__
Path Type: max

Fanout     Cap    Slew   Delay    Time   Description
-----------------------------------------------------------------------------
                  0.00    0.00    0.00   clock __VIRTUAL_CLK__ (rise edge)
                          0.00    0.00   clock network delay (ideal)
                          2.00    2.00 v input external delay
     1    0.00    0.01    0.00    2.00 v carry_in (in)
                                         carry_in (net)
                  0.01    0.00    2.00 v input3/A (sky130_fd_sc_hd__buf_1)
     2    0.01    0.05    0.09    2.10 v input3/X (sky130_fd_sc_hd__buf_1)
                                         net3 (net)
                  0.05    0.00    2.10 v _4_/A (sky130_fd_sc_hd__xnor2_1)
     2    0.01    0.21    0.22    2.32 ^ _4_/Y (sky130_fd_sc_hd__xnor2_1)
                                         _1_ (net)
                  0.21    0.00    2.32 ^ _6_/A2 (sky130_fd_sc_hd__o21ai_1)
     1    0.00    0.05    0.08    2.40 v _6_/Y (sky130_fd_sc_hd__o21ai_1)
                                         net5 (net)
                  0.05    0.00    2.40 v output5/A (sky130_fd_sc_hd__clkbuf_4)
     1    0.03    0.08    0.19    2.59 v output5/X (sky130_fd_sc_hd__clkbuf_4)
                                         carry_out (net)
                  0.08    0.00    2.59 v carry_out (out)
                                  2.59   data arrival time

                  0.00   10.00   10.00   clock __VIRTUAL_CLK__ (rise edge)
                          0.00   10.00   clock network delay (ideal)
                         -0.25    9.75   clock uncertainty
                          0.00    9.75   clock reconvergence pessimism
                         -2.00    7.75   output external delay
                                  7.75   data required time
-----------------------------------------------------------------------------
                                  7.75   data required time
                                 -2.59   data arrival time
-----------------------------------------------------------------------------
                                  5.16   slack (MET)



worst slack corner Typical: 5.0623
