
===========================================================================
report_checks -path_delay min (Hold)
============================================================================
======================= Typical Corner ===================================

Startpoint: b (input port clocked by __VIRTUAL_CLK__)
Endpoint: c (output port clocked by __VIRTUAL_CLK__)
Path Group: __VIRTUAL_CLK__
Path Type: min

Fanout     Cap    Slew   Delay    Time   Description
-----------------------------------------------------------------------------
                  0.00    0.00    0.00   clock __VIRTUAL_CLK__ (rise edge)
                          0.00    0.00   clock network delay (ideal)
                          2.00    2.00 v input external delay
     2    0.01    0.03    0.02    2.02 v b (in)
                                         b (net)
                  0.03    0.00    2.02 v _3_/A (sky130_fd_sc_hd__inv_2)
     1    0.01    0.03    0.04    2.06 ^ _3_/Y (sky130_fd_sc_hd__inv_2)
                                         _0_ (net)
                  0.03    0.00    2.06 ^ _6_/A1 (sky130_fd_sc_hd__o21ai_2)
     1    0.04    0.14    0.13    2.19 v _6_/Y (sky130_fd_sc_hd__o21ai_2)
                                         c (net)
                  0.14    0.00    2.19 v c (out)
                                  2.19   data arrival time

                  0.00    0.00    0.00   clock __VIRTUAL_CLK__ (rise edge)
                          0.00    0.00   clock network delay (ideal)
                          0.25    0.25   clock uncertainty
                          0.00    0.25   clock reconvergence pessimism
                         -2.00   -1.75   output external delay
                                 -1.75   data required time
-----------------------------------------------------------------------------
                                 -1.75   data required time
                                 -2.19   data arrival time
-----------------------------------------------------------------------------
                                  3.94   slack (MET)


Startpoint: b (input port clocked by __VIRTUAL_CLK__)
Endpoint: carry_out (output port clocked by __VIRTUAL_CLK__)
Path Group: __VIRTUAL_CLK__
Path Type: min

Fanout     Cap    Slew   Delay    Time   Description
-----------------------------------------------------------------------------
                  0.00    0.00    0.00   clock __VIRTUAL_CLK__ (rise edge)
                          0.00    0.00   clock network delay (ideal)
                          2.00    2.00 ^ input external delay
     2    0.02    0.08    0.05    2.05 ^ b (in)
                                         b (net)
                  0.08    0.00    2.05 ^ _7_/A (sky130_fd_sc_hd__xnor2_2)
     1    0.04    0.16    0.16    2.21 v _7_/Y (sky130_fd_sc_hd__xnor2_2)
                                         carry_out (net)
                  0.16    0.00    2.21 v carry_out (out)
                                  2.21   data arrival time

                  0.00    0.00    0.00   clock __VIRTUAL_CLK__ (rise edge)
                          0.00    0.00   clock network delay (ideal)
                          0.25    0.25   clock uncertainty
                          0.00    0.25   clock reconvergence pessimism
                         -2.00   -1.75   output external delay
                                 -1.75   data required time
-----------------------------------------------------------------------------
                                 -1.75   data required time
                                 -2.21   data arrival time
-----------------------------------------------------------------------------
                                  3.96   slack (MET)



worst slack corner Typical: 3.9415
