
===========================================================================
report_checks -path_delay max (Setup)
============================================================================
======================= Typical Corner ===================================

Startpoint: carry_in (input port clocked by __VIRTUAL_CLK__)
Endpoint: c (output port clocked by __VIRTUAL_CLK__)
Path Group: __VIRTUAL_CLK__
Path Type: max

Fanout     Cap    Slew   Delay    Time   Description
-----------------------------------------------------------------------------
                  0.00    0.00    0.00   clock __VIRTUAL_CLK__ (rise edge)
                          0.00    0.00   clock network delay (ideal)
                          2.00    2.00 v input external delay
     2    0.01    0.03    0.02    2.02 v carry_in (in)
                                         carry_in (net)
                  0.03    0.00    2.02 v _4_/A (sky130_fd_sc_hd__xnor2_2)
     2    0.01    0.08    0.16    2.19 v _4_/Y (sky130_fd_sc_hd__xnor2_2)
                                         _1_ (net)
                  0.08    0.00    2.19 v _7_/B (sky130_fd_sc_hd__xnor2_2)
     1    0.04    0.46    0.41    2.60 ^ _7_/Y (sky130_fd_sc_hd__xnor2_2)
                                         c (net)
                  0.46    0.00    2.60 ^ c (out)
                                  2.60   data arrival time

                  0.00   10.00   10.00   clock __VIRTUAL_CLK__ (rise edge)
                          0.00   10.00   clock network delay (ideal)
                         -0.25    9.75   clock uncertainty
                          0.00    9.75   clock reconvergence pessimism
                         -2.00    7.75   output external delay
                                  7.75   data required time
-----------------------------------------------------------------------------
                                  7.75   data required time
                                 -2.60   data arrival time
-----------------------------------------------------------------------------
                                  5.15   slack (MET)


Startpoint: carry_in (input port clocked by __VIRTUAL_CLK__)
Endpoint: carry_out (output port clocked by __VIRTUAL_CLK__)
Path Group: __VIRTUAL_CLK__
Path Type: max

Fanout     Cap    Slew   Delay    Time   Description
-----------------------------------------------------------------------------
                  0.00    0.00    0.00   clock __VIRTUAL_CLK__ (rise edge)
                          0.00    0.00   clock network delay (ideal)
                          2.00    2.00 v input external delay
     2    0.01    0.03    0.02    2.02 v carry_in (in)
                                         carry_in (net)
                  0.03    0.00    2.02 v _4_/A (sky130_fd_sc_hd__xnor2_2)
     2    0.01    0.08    0.16    2.19 v _4_/Y (sky130_fd_sc_hd__xnor2_2)
                                         _1_ (net)
                  0.08    0.00    2.19 v _6_/A2 (sky130_fd_sc_hd__o21ai_2)
     1    0.04    0.41    0.37    2.56 ^ _6_/Y (sky130_fd_sc_hd__o21ai_2)
                                         carry_out (net)
                  0.41    0.00    2.56 ^ carry_out (out)
                                  2.56   data arrival time

                  0.00   10.00   10.00   clock __VIRTUAL_CLK__ (rise edge)
                          0.00   10.00   clock network delay (ideal)
                         -0.25    9.75   clock uncertainty
                          0.00    9.75   clock reconvergence pessimism
                         -2.00    7.75   output external delay
                                  7.75   data required time
-----------------------------------------------------------------------------
                                  7.75   data required time
                                 -2.56   data arrival time
-----------------------------------------------------------------------------
                                  5.19   slack (MET)



worst slack corner Typical: 5.1539
