
===========================================================================
report_checks -path_delay max (Setup)
============================================================================
======================= Fastest Corner ===================================

Startpoint: a (input port clocked by __VIRTUAL_CLK__)
Endpoint: carry_out (output port clocked by __VIRTUAL_CLK__)
Path Group: __VIRTUAL_CLK__
Path Type: max
Corner: Fastest

Fanout     Cap    Slew   Delay    Time   Description
-----------------------------------------------------------------------------
                  0.00    0.00    0.00   clock __VIRTUAL_CLK__ (rise edge)
                          0.00    0.00   clock network delay (ideal)
                          2.00    2.00 v input external delay
     1    0.00    0.00    0.00    2.00 v a (in)
                                         a (net)
                  0.00    0.00    2.00 v input1/A (sky130_fd_sc_hd__buf_1)
     2    0.01    0.04    0.07    2.07 v input1/X (sky130_fd_sc_hd__buf_1)
                                         net1 (net)
                  0.04    0.00    2.07 v _4_/A (sky130_fd_sc_hd__xnor2_1)
     2    0.01    0.16    0.17    2.24 ^ _4_/Y (sky130_fd_sc_hd__xnor2_1)
                                         _1_ (net)
                  0.16    0.00    2.24 ^ _7_/B (sky130_fd_sc_hd__xnor2_1)
     1    0.00    0.11    0.09    2.33 ^ _7_/Y (sky130_fd_sc_hd__xnor2_1)
                                         net5 (net)
                  0.11    0.00    2.33 ^ output5/A (sky130_fd_sc_hd__buf_2)
     1    0.03    0.13    0.16    2.50 ^ output5/X (sky130_fd_sc_hd__buf_2)
                                         carry_out (net)
                  0.13    0.00    2.50 ^ carry_out (out)
                                  2.50   data arrival time

                  0.00   10.00   10.00   clock __VIRTUAL_CLK__ (rise edge)
                          0.00   10.00   clock network delay (ideal)
                         -0.25    9.75   clock uncertainty
                          0.00    9.75   clock reconvergence pessimism
                         -2.00    7.75   output external delay
                                  7.75   data required time
-----------------------------------------------------------------------------
                                  7.75   data required time
                                 -2.50   data arrival time
-----------------------------------------------------------------------------
                                  5.25   slack (MET)


Startpoint: a (input port clocked by __VIRTUAL_CLK__)
Endpoint: c (output port clocked by __VIRTUAL_CLK__)
Path Group: __VIRTUAL_CLK__
Path Type: max
Corner: Fastest

Fanout     Cap    Slew   Delay    Time   Description
-----------------------------------------------------------------------------
                  0.00    0.00    0.00   clock __VIRTUAL_CLK__ (rise edge)
                          0.00    0.00   clock network delay (ideal)
                          2.00    2.00 v input external delay
     1    0.00    0.00    0.00    2.00 v a (in)
                                         a (net)
                  0.00    0.00    2.00 v input1/A (sky130_fd_sc_hd__buf_1)
     2    0.01    0.04    0.07    2.07 v input1/X (sky130_fd_sc_hd__buf_1)
                                         net1 (net)
                  0.04    0.00    2.07 v _4_/A (sky130_fd_sc_hd__xnor2_1)
     2    0.01    0.05    0.10    2.18 v _4_/Y (sky130_fd_sc_hd__xnor2_1)
                                         _1_ (net)
                  0.05    0.00    2.18 v _6_/A2 (sky130_fd_sc_hd__o21ai_1)
     1    0.00    0.10    0.11    2.29 ^ _6_/Y (sky130_fd_sc_hd__o21ai_1)
                                         net4 (net)
                  0.10    0.00    2.29 ^ output4/A (sky130_fd_sc_hd__clkbuf_4)
     1    0.03    0.08    0.15    2.44 ^ output4/X (sky130_fd_sc_hd__clkbuf_4)
                                         c (net)
                  0.08    0.00    2.44 ^ c (out)
                                  2.44   data arrival time

                  0.00   10.00   10.00   clock __VIRTUAL_CLK__ (rise edge)
                          0.00   10.00   clock network delay (ideal)
                         -0.25    9.75   clock uncertainty
                          0.00    9.75   clock reconvergence pessimism
                         -2.00    7.75   output external delay
                                  7.75   data required time
-----------------------------------------------------------------------------
                                  7.75   data required time
                                 -2.44   data arrival time
-----------------------------------------------------------------------------
                                  5.31   slack (MET)



worst slack corner Fastest: 5.2498
======================= Slowest Corner ===================================

Startpoint: a (input port clocked by __VIRTUAL_CLK__)
Endpoint: carry_out (output port clocked by __VIRTUAL_CLK__)
Path Group: __VIRTUAL_CLK__
Path Type: max
Corner: Slowest

Fanout     Cap    Slew   Delay    Time   Description
-----------------------------------------------------------------------------
                  0.00    0.00    0.00   clock __VIRTUAL_CLK__ (rise edge)
                          0.00    0.00   clock network delay (ideal)
                          2.00    2.00 v input external delay
     1    0.00    0.02    0.01    2.01 v a (in)
                                         a (net)
                  0.02    0.00    2.01 v input1/A (sky130_fd_sc_hd__buf_1)
     2    0.01    0.12    0.20    2.21 v input1/X (sky130_fd_sc_hd__buf_1)
                                         net1 (net)
                  0.12    0.00    2.21 v _4_/A (sky130_fd_sc_hd__xnor2_1)
     2    0.01    0.35    0.41    2.63 ^ _4_/Y (sky130_fd_sc_hd__xnor2_1)
                                         _1_ (net)
                  0.35    0.00    2.63 ^ _7_/B (sky130_fd_sc_hd__xnor2_1)
     1    0.00    0.25    0.33    2.96 ^ _7_/Y (sky130_fd_sc_hd__xnor2_1)
                                         net5 (net)
                  0.25    0.00    2.96 ^ output5/A (sky130_fd_sc_hd__buf_2)
     1    0.03    0.27    0.45    3.41 ^ output5/X (sky130_fd_sc_hd__buf_2)
                                         carry_out (net)
                  0.27    0.00    3.41 ^ carry_out (out)
                                  3.41   data arrival time

                  0.00   10.00   10.00   clock __VIRTUAL_CLK__ (rise edge)
                          0.00   10.00   clock network delay (ideal)
                         -0.25    9.75   clock uncertainty
                          0.00    9.75   clock reconvergence pessimism
                         -2.00    7.75   output external delay
                                  7.75   data required time
-----------------------------------------------------------------------------
                                  7.75   data required time
                                 -3.41   data arrival time
-----------------------------------------------------------------------------
                                  4.34   slack (MET)


Startpoint: a (input port clocked by __VIRTUAL_CLK__)
Endpoint: c (output port clocked by __VIRTUAL_CLK__)
Path Group: __VIRTUAL_CLK__
Path Type: max
Corner: Slowest

Fanout     Cap    Slew   Delay    Time   Description
-----------------------------------------------------------------------------
                  0.00    0.00    0.00   clock __VIRTUAL_CLK__ (rise edge)
                          0.00    0.00   clock network delay (ideal)
                          2.00    2.00 v input external delay
     1    0.00    0.02    0.01    2.01 v a (in)
                                         a (net)
                  0.02    0.00    2.01 v input1/A (sky130_fd_sc_hd__buf_1)
     2    0.01    0.12    0.20    2.21 v input1/X (sky130_fd_sc_hd__buf_1)
                                         net1 (net)
                  0.12    0.00    2.21 v _4_/A (sky130_fd_sc_hd__xnor2_1)
     2    0.01    0.35    0.41    2.63 ^ _4_/Y (sky130_fd_sc_hd__xnor2_1)
                                         _1_ (net)
                  0.35    0.00    2.63 ^ _6_/A2 (sky130_fd_sc_hd__o21ai_1)
     1    0.00    0.12    0.24    2.87 v _6_/Y (sky130_fd_sc_hd__o21ai_1)
                                         net4 (net)
                  0.12    0.00    2.87 v output4/A (sky130_fd_sc_hd__clkbuf_4)
     1    0.03    0.14    0.36    3.23 v output4/X (sky130_fd_sc_hd__clkbuf_4)
                                         c (net)
                  0.14    0.00    3.23 v c (out)
                                  3.23   data arrival time

                  0.00   10.00   10.00   clock __VIRTUAL_CLK__ (rise edge)
                          0.00   10.00   clock network delay (ideal)
                         -0.25    9.75   clock uncertainty
                          0.00    9.75   clock reconvergence pessimism
                         -2.00    7.75   output external delay
                                  7.75   data required time
-----------------------------------------------------------------------------
                                  7.75   data required time
                                 -3.23   data arrival time
-----------------------------------------------------------------------------
                                  4.52   slack (MET)



worst slack corner Slowest: 4.3421
======================= Typical Corner ===================================

Startpoint: a (input port clocked by __VIRTUAL_CLK__)
Endpoint: carry_out (output port clocked by __VIRTUAL_CLK__)
Path Group: __VIRTUAL_CLK__
Path Type: max
Corner: Typical

Fanout     Cap    Slew   Delay    Time   Description
-----------------------------------------------------------------------------
                  0.00    0.00    0.00   clock __VIRTUAL_CLK__ (rise edge)
                          0.00    0.00   clock network delay (ideal)
                          2.00    2.00 v input external delay
     1    0.00    0.01    0.00    2.00 v a (in)
                                         a (net)
                  0.01    0.00    2.00 v input1/A (sky130_fd_sc_hd__buf_1)
     2    0.01    0.06    0.11    2.11 v input1/X (sky130_fd_sc_hd__buf_1)
                                         net1 (net)
                  0.06    0.00    2.11 v _4_/A (sky130_fd_sc_hd__xnor2_1)
     2    0.01    0.22    0.24    2.36 ^ _4_/Y (sky130_fd_sc_hd__xnor2_1)
                                         _1_ (net)
                  0.22    0.00    2.36 ^ _7_/B (sky130_fd_sc_hd__xnor2_1)
     1    0.00    0.15    0.17    2.53 ^ _7_/Y (sky130_fd_sc_hd__xnor2_1)
                                         net5 (net)
                  0.15    0.00    2.53 ^ output5/A (sky130_fd_sc_hd__buf_2)
     1    0.03    0.17    0.25    2.77 ^ output5/X (sky130_fd_sc_hd__buf_2)
                                         carry_out (net)
                  0.17    0.00    2.77 ^ carry_out (out)
                                  2.77   data arrival time

                  0.00   10.00   10.00   clock __VIRTUAL_CLK__ (rise edge)
                          0.00   10.00   clock network delay (ideal)
                         -0.25    9.75   clock uncertainty
                          0.00    9.75   clock reconvergence pessimism
                         -2.00    7.75   output external delay
                                  7.75   data required time
-----------------------------------------------------------------------------
                                  7.75   data required time
                                 -2.77   data arrival time
-----------------------------------------------------------------------------
                                  4.98   slack (MET)


Startpoint: carry_in (input port clocked by __VIRTUAL_CLK__)
Endpoint: c (output port clocked by __VIRTUAL_CLK__)
Path Group: __VIRTUAL_CLK__
Path Type: max
Corner: Typical

Fanout     Cap    Slew   Delay    Time   Description
-----------------------------------------------------------------------------
                  0.00    0.00    0.00   clock __VIRTUAL_CLK__ (rise edge)
                          0.00    0.00   clock network delay (ideal)
                          2.00    2.00 v input external delay
     1    0.00    0.01    0.00    2.00 v carry_in (in)
                                         carry_in (net)
                  0.01    0.00    2.00 v input3/A (sky130_fd_sc_hd__buf_1)
     2    0.01    0.06    0.11    2.11 v input3/X (sky130_fd_sc_hd__buf_1)
                                         net3 (net)
                  0.06    0.00    2.12 v _4_/B (sky130_fd_sc_hd__xnor2_1)
     2    0.01    0.08    0.16    2.28 v _4_/Y (sky130_fd_sc_hd__xnor2_1)
                                         _1_ (net)
                  0.08    0.00    2.28 v _6_/A2 (sky130_fd_sc_hd__o21ai_1)
     1    0.00    0.13    0.16    2.43 ^ _6_/Y (sky130_fd_sc_hd__o21ai_1)
                                         net4 (net)
                  0.13    0.00    2.44 ^ output4/A (sky130_fd_sc_hd__clkbuf_4)
     1    0.03    0.11    0.23    2.66 ^ output4/X (sky130_fd_sc_hd__clkbuf_4)
                                         c (net)
                  0.11    0.00    2.66 ^ c (out)
                                  2.66   data arrival time

                  0.00   10.00   10.00   clock __VIRTUAL_CLK__ (rise edge)
                          0.00   10.00   clock network delay (ideal)
                         -0.25    9.75   clock uncertainty
                          0.00    9.75   clock reconvergence pessimism
                         -2.00    7.75   output external delay
                                  7.75   data required time
-----------------------------------------------------------------------------
                                  7.75   data required time
                                 -2.66   data arrival time
-----------------------------------------------------------------------------
                                  5.09   slack (MET)



worst slack corner Typical: 4.9766
