
===========================================================================
report_checks -path_delay min (Hold)
============================================================================
======================= Typical Corner ===================================

Startpoint: carry_in (input port clocked by __VIRTUAL_CLK__)
Endpoint: carry_out (output port clocked by __VIRTUAL_CLK__)
Path Group: __VIRTUAL_CLK__
Path Type: min

Fanout     Cap    Slew   Delay    Time   Description
-----------------------------------------------------------------------------
                  0.00    0.00    0.00   clock __VIRTUAL_CLK__ (rise edge)
                          0.00    0.00   clock network delay (ideal)
                          2.00    2.00 v input external delay
     2    0.01    0.03    0.02    2.02 v carry_in (in)
                                         carry_in (net)
                  0.03    0.00    2.02 v _5_/A (sky130_fd_sc_hd__nand2_2)
     1    0.00    0.04    0.04    2.06 ^ _5_/Y (sky130_fd_sc_hd__nand2_2)
                                         _2_ (net)
                  0.04    0.00    2.06 ^ _6_/B1 (sky130_fd_sc_hd__o21ai_2)
     1    0.03    0.14    0.12    2.18 v _6_/Y (sky130_fd_sc_hd__o21ai_2)
                                         carry_out (net)
                  0.14    0.00    2.18 v carry_out (out)
                                  2.18   data arrival time

                  0.00    0.00    0.00   clock __VIRTUAL_CLK__ (rise edge)
                          0.00    0.00   clock network delay (ideal)
                          0.25    0.25   clock uncertainty
                          0.00    0.25   clock reconvergence pessimism
                         -2.00   -1.75   output external delay
                                 -1.75   data required time
-----------------------------------------------------------------------------
                                 -1.75   data required time
                                 -2.18   data arrival time
-----------------------------------------------------------------------------
                                  3.93   slack (MET)


Startpoint: b (input port clocked by __VIRTUAL_CLK__)
Endpoint: c (output port clocked by __VIRTUAL_CLK__)
Path Group: __VIRTUAL_CLK__
Path Type: min

Fanout     Cap    Slew   Delay    Time   Description
-----------------------------------------------------------------------------
                  0.00    0.00    0.00   clock __VIRTUAL_CLK__ (rise edge)
                          0.00    0.00   clock network delay (ideal)
                          2.00    2.00 ^ input external delay
     2    0.01    0.07    0.04    2.04 ^ b (in)
                                         b (net)
                  0.07    0.00    2.04 ^ _7_/A (sky130_fd_sc_hd__xnor2_2)
     1    0.03    0.16    0.15    2.20 v _7_/Y (sky130_fd_sc_hd__xnor2_2)
                                         c (net)
                  0.16    0.00    2.20 v c (out)
                                  2.20   data arrival time

                  0.00    0.00    0.00   clock __VIRTUAL_CLK__ (rise edge)
                          0.00    0.00   clock network delay (ideal)
                          0.25    0.25   clock uncertainty
                          0.00    0.25   clock reconvergence pessimism
                         -2.00   -1.75   output external delay
                                 -1.75   data required time
-----------------------------------------------------------------------------
                                 -1.75   data required time
                                 -2.20   data arrival time
-----------------------------------------------------------------------------
                                  3.95   slack (MET)



worst slack corner Typical: 3.9314
